<?xml version="1.0" encoding="UTF-8"?>
<testsuite name="SILab2Test" tests="2" skipped="0" failures="0" errors="0" timestamp="2023-05-27T14:49:19" hostname="DESKTOP-EEU319K" time="0.021">
  <properties/>
  <testcase name="everyBranch()" classname="SILab2Test" time="0.019"/>
  <testcase name="multipleCondition()" classname="SILab2Test" time="0.002"/>
  <system-out><![CDATA[]]></system-out>
  <system-err><![CDATA[]]></system-err>
</testsuite>
